<?xml version="1.0" encoding="UTF-8"?>
<!-- Generated by org.testng.reporters.JUnitReportReporter -->
<testsuite hostname="ITCLPTP-172122" failures="0" tests="8" name="cucumberOptions.TestNGRunner" time="169.194" errors="0" timestamp="18 Dec 2025 10:24:03 GMT" skipped="0">
  <testcase classname="cucumberOptions.TestNGRunner" name="runScenario" time="47.767"/>
  <testcase classname="cucumberOptions.TestNGRunner" name="runScenario" time="11.656"/>
  <testcase classname="cucumberOptions.TestNGRunner" name="runScenario" time="9.477"/>
  <testcase classname="cucumberOptions.TestNGRunner" name="runScenario" time="25.629"/>
  <testcase classname="cucumberOptions.TestNGRunner" name="runScenario" time="30.117"/>
  <testcase classname="cucumberOptions.TestNGRunner" name="runScenario" time="5.574"/>
  <testcase classname="cucumberOptions.TestNGRunner" name="runScenario" time="26.665"/>
  <testcase classname="cucumberOptions.TestNGRunner" name="runScenario" time="12.309"/>
</testsuite> <!-- cucumberOptions.TestNGRunner -->
