<?xml version="1.0" encoding="UTF-8"?>
<!-- Generated by org.testng.reporters.JUnitReportReporter -->
<testsuite hostname="ITCLPTP-172122" failures="0" tests="8" name="cucumberOption.TestNGRunner" time="55.470" errors="0" timestamp="02 Dec 2025 11:07:17 GMT" skipped="0">
  <testcase classname="cucumberOption.TestNGRunner" name="runScenario" time="4.396"/>
  <testcase classname="cucumberOption.TestNGRunner" name="runScenario" time="2.797"/>
  <testcase classname="cucumberOption.TestNGRunner" name="runScenario" time="5.358"/>
  <testcase classname="cucumberOption.TestNGRunner" name="runScenario" time="4.308"/>
  <testcase classname="cucumberOption.TestNGRunner" name="runScenario" time="5.426"/>
  <testcase classname="cucumberOption.TestNGRunner" name="runScenario" time="12.440"/>
  <testcase classname="cucumberOption.TestNGRunner" name="runScenario" time="9.413"/>
  <testcase classname="cucumberOption.TestNGRunner" name="runScenario" time="11.332"/>
</testsuite> <!-- cucumberOption.TestNGRunner -->
