<?xml version="1.0" encoding="UTF-8"?>
<!-- Generated by org.testng.reporters.JUnitReportReporter -->
<testsuite hostname="ITCLPTP-172122" failures="0" tests="8" name="cucumberOptions.TestNGRunner" time="100.346" errors="0" timestamp="03 Dec 2025 09:43:52 GMT" skipped="0">
  <testcase classname="cucumberOptions.TestNGRunner" name="runScenario" time="4.964"/>
  <testcase classname="cucumberOptions.TestNGRunner" name="runScenario" time="5.108"/>
  <testcase classname="cucumberOptions.TestNGRunner" name="runScenario" time="3.521"/>
  <testcase classname="cucumberOptions.TestNGRunner" name="runScenario" time="2.804"/>
  <testcase classname="cucumberOptions.TestNGRunner" name="runScenario" time="18.153"/>
  <testcase classname="cucumberOptions.TestNGRunner" name="runScenario" time="5.136"/>
  <testcase classname="cucumberOptions.TestNGRunner" name="runScenario" time="9.363"/>
  <testcase classname="cucumberOptions.TestNGRunner" name="runScenario" time="51.297"/>
</testsuite> <!-- cucumberOptions.TestNGRunner -->
