<?xml version="1.0" encoding="UTF-8"?>
<testng-results ignored="0" total="8" passed="8" failed="0" skipped="0">
  <reporter-output>
    <line>
      <![CDATA[waitUntilElementIsVisible: For element with xpath "dotpay_back_to_orderpage"<br />]]>
    </line>
    <line>
      <![CDATA[<div style='color:orange'><b>WARNING:</b><br />Expected condition failed: waiting for visibility of element located by By.xpath: dotpay_back_to_orderpage (tried for 20 second(s) with 500 milliseconds interval)</div><br /><br />]]>
    </line>
  </reporter-output>
  <suite started-at="2025-12-03T09:42:12Z" name="Default suite" finished-at="2025-12-03T09:43:52Z" duration-ms="100620">
    <groups>
      <group name="cucumber">
        <method signature="AbstractTestNGCucumberTests.runScenario(io.cucumber.testng.PickleWrapper, io.cucumber.testng.FeatureWrapper)[pri:0, instance:cucumberOptions.TestNGRunner@4d1bf319]" name="runScenario" class="io.cucumber.testng.AbstractTestNGCucumberTests"/>
      </group> <!-- cucumber -->
    </groups>
    <test started-at="2025-12-03T09:42:12Z" name="Default test" finished-at="2025-12-03T09:43:52Z" duration-ms="100620">
      <class name="cucumberOptions.TestNGRunner">
        <test-method is-config="true" signature="setUpClass(org.testng.ITestContext)[pri:0, instance:cucumberOptions.TestNGRunner@4d1bf319]" started-at="2025-12-03T15:12:12Z" name="setUpClass" finished-at="2025-12-03T15:12:12Z" duration-ms="239" status="PASS">
          <params>
            <param index="0">
              <value>
                <![CDATA[org.testng.TestRunner@7c36db44]]>
              </value>
            </param>
          </params>
          <reporter-output>
          </reporter-output>
        </test-method> <!-- setUpClass -->
        <test-method signature="runScenario(io.cucumber.testng.PickleWrapper, io.cucumber.testng.FeatureWrapper)[pri:0, instance:cucumberOptions.TestNGRunner@4d1bf319]" started-at="2025-12-03T15:12:12Z" name="runScenario" description="Runs Cucumber Scenarios" data-provider="scenarios" finished-at="2025-12-03T15:12:17Z" duration-ms="5108" status="PASS">
          <params>
            <param index="0">
              <value>
                <![CDATA["lauch browser and enter URL"]]>
              </value>
            </param>
            <param index="1">
              <value>
                <![CDATA["Place order"]]>
              </value>
            </param>
          </params>
          <reporter-output>
          </reporter-output>
        </test-method> <!-- runScenario -->
        <test-method signature="runScenario(io.cucumber.testng.PickleWrapper, io.cucumber.testng.FeatureWrapper)[pri:0, instance:cucumberOptions.TestNGRunner@4d1bf319]" started-at="2025-12-03T15:12:17Z" name="runScenario" description="Runs Cucumber Scenarios" data-provider="scenarios" finished-at="2025-12-03T15:12:22Z" duration-ms="4964" status="PASS">
          <params>
            <param index="0">
              <value>
                <![CDATA["Navivgate to PLP"]]>
              </value>
            </param>
            <param index="1">
              <value>
                <![CDATA["Place order"]]>
              </value>
            </param>
          </params>
          <reporter-output>
          </reporter-output>
        </test-method> <!-- runScenario -->
        <test-method signature="runScenario(io.cucumber.testng.PickleWrapper, io.cucumber.testng.FeatureWrapper)[pri:0, instance:cucumberOptions.TestNGRunner@4d1bf319]" started-at="2025-12-03T15:12:22Z" name="runScenario" description="Runs Cucumber Scenarios" data-provider="scenarios" finished-at="2025-12-03T15:12:25Z" duration-ms="2804" status="PASS">
          <params>
            <param index="0">
              <value>
                <![CDATA["select random product and navigate to PDP"]]>
              </value>
            </param>
            <param index="1">
              <value>
                <![CDATA["Place order"]]>
              </value>
            </param>
          </params>
          <reporter-output>
          </reporter-output>
        </test-method> <!-- runScenario -->
        <test-method signature="runScenario(io.cucumber.testng.PickleWrapper, io.cucumber.testng.FeatureWrapper)[pri:0, instance:cucumberOptions.TestNGRunner@4d1bf319]" started-at="2025-12-03T15:12:25Z" name="runScenario" description="Runs Cucumber Scenarios" data-provider="scenarios" finished-at="2025-12-03T15:12:28Z" duration-ms="3521" status="PASS">
          <params>
            <param index="0">
              <value>
                <![CDATA["Add product into cart"]]>
              </value>
            </param>
            <param index="1">
              <value>
                <![CDATA["Place order"]]>
              </value>
            </param>
          </params>
          <reporter-output>
          </reporter-output>
        </test-method> <!-- runScenario -->
        <test-method signature="runScenario(io.cucumber.testng.PickleWrapper, io.cucumber.testng.FeatureWrapper)[pri:0, instance:cucumberOptions.TestNGRunner@4d1bf319]" started-at="2025-12-03T15:12:28Z" name="runScenario" description="Runs Cucumber Scenarios" data-provider="scenarios" finished-at="2025-12-03T15:12:34Z" duration-ms="5136" status="PASS">
          <params>
            <param index="0">
              <value>
                <![CDATA["Verify proceed button enable or not on checkout overiew page"]]>
              </value>
            </param>
            <param index="1">
              <value>
                <![CDATA["Place order"]]>
              </value>
            </param>
          </params>
          <reporter-output>
          </reporter-output>
        </test-method> <!-- runScenario -->
        <test-method signature="runScenario(io.cucumber.testng.PickleWrapper, io.cucumber.testng.FeatureWrapper)[pri:0, instance:cucumberOptions.TestNGRunner@4d1bf319]" started-at="2025-12-03T15:12:34Z" name="runScenario" description="Runs Cucumber Scenarios" data-provider="scenarios" finished-at="2025-12-03T15:12:43Z" duration-ms="9363" status="PASS">
          <params>
            <param index="0">
              <value>
                <![CDATA["user want to login with valide credential"]]>
              </value>
            </param>
            <param index="1">
              <value>
                <![CDATA["Place order"]]>
              </value>
            </param>
          </params>
          <reporter-output>
          </reporter-output>
        </test-method> <!-- runScenario -->
        <test-method signature="runScenario(io.cucumber.testng.PickleWrapper, io.cucumber.testng.FeatureWrapper)[pri:0, instance:cucumberOptions.TestNGRunner@4d1bf319]" started-at="2025-12-03T15:12:43Z" name="runScenario" description="Runs Cucumber Scenarios" data-provider="scenarios" finished-at="2025-12-03T15:13:01Z" duration-ms="18153" status="PASS">
          <params>
            <param index="0">
              <value>
                <![CDATA["user want to change payment method"]]>
              </value>
            </param>
            <param index="1">
              <value>
                <![CDATA["Place order"]]>
              </value>
            </param>
          </params>
          <reporter-output>
          </reporter-output>
        </test-method> <!-- runScenario -->
        <test-method signature="runScenario(io.cucumber.testng.PickleWrapper, io.cucumber.testng.FeatureWrapper)[pri:0, instance:cucumberOptions.TestNGRunner@4d1bf319]" started-at="2025-12-03T15:13:01Z" name="runScenario" description="Runs Cucumber Scenarios" data-provider="scenarios" finished-at="2025-12-03T15:13:52Z" duration-ms="51297" status="PASS">
          <params>
            <param index="0">
              <value>
                <![CDATA["user want to place order"]]>
              </value>
            </param>
            <param index="1">
              <value>
                <![CDATA["Place order"]]>
              </value>
            </param>
          </params>
          <reporter-output>
            <line>
              <![CDATA[waitUntilElementIsVisible: For element with xpath "dotpay_back_to_orderpage"<br />]]>
            </line>
            <line>
              <![CDATA[<div style='color:orange'><b>WARNING:</b><br />Expected condition failed: waiting for visibility of element located by By.xpath: dotpay_back_to_orderpage (tried for 20 second(s) with 500 milliseconds interval)</div><br /><br />]]>
            </line>
          </reporter-output>
        </test-method> <!-- runScenario -->
        <test-method is-config="true" signature="tearDownClass()[pri:0, instance:cucumberOptions.TestNGRunner@4d1bf319]" started-at="2025-12-03T15:13:52Z" name="tearDownClass" finished-at="2025-12-03T15:13:52Z" duration-ms="3" status="PASS">
          <reporter-output>
          </reporter-output>
        </test-method> <!-- tearDownClass -->
      </class> <!-- cucumberOptions.TestNGRunner -->
    </test> <!-- Default test -->
  </suite> <!-- Default suite -->
</testng-results>
